生成启动时间为 2022/10/24 16:03:44。
     1>项目“C:\Users\朱文峻\Desktop\编程语言学习\C++\C语言源码\6.函数进阶\函数进阶\函数进阶.vcxproj”在节点 2 上(build 个目标)。
     1>InitializeBuildStatus:
         正在创建“Debug\6.函数进阶.unsuccessfulbuild”，因为已指定“AlwaysCreate”。
       ClCompile:
         C:\Program Files (x86)\Microsoft Visual Studio 10.0\VC\bin\CL.exe /c /ZI /nologo /W3 /WX- /Od /Oy- /D _UNICODE /D UNICODE /Gm /EHsc /RTC1 /MDd /GS /fp:precise /Zc:wchar_t /Zc:forScope /Fo"Debug\\" /Fd"Debug\vc100.pdb" /Gd /TC /analyze- /errorReport:prompt "6.函数进阶应用.c"
         6.函数进阶应用.c
     1>c:\users\朱文峻\desktop\编程语言学习\c++\c语言源码\6.函数进阶\函数进阶\6.函数进阶应用.c(41): warning C4996: 'strcpy': This function or variable may be unsafe. Consider using strcpy_s instead. To disable deprecation, use _CRT_SECURE_NO_WARNINGS. See online help for details.
                 c:\program files (x86)\microsoft visual studio 10.0\vc\include\string.h(105) : 参见“strcpy”的声明
     1>c:\users\朱文峻\desktop\编程语言学习\c++\c语言源码\6.函数进阶\函数进阶\6.函数进阶应用.c(58): warning C4996: 'scanf': This function or variable may be unsafe. Consider using scanf_s instead. To disable deprecation, use _CRT_SECURE_NO_WARNINGS. See online help for details.
                 c:\program files (x86)\microsoft visual studio 10.0\vc\include\stdio.h(304) : 参见“scanf”的声明
     1>c:\users\朱文峻\desktop\编程语言学习\c++\c语言源码\6.函数进阶\函数进阶\6.函数进阶应用.c(71): warning C4996: 'scanf': This function or variable may be unsafe. Consider using scanf_s instead. To disable deprecation, use _CRT_SECURE_NO_WARNINGS. See online help for details.
                 c:\program files (x86)\microsoft visual studio 10.0\vc\include\stdio.h(304) : 参见“scanf”的声明
       Link:
         C:\Program Files (x86)\Microsoft Visual Studio 10.0\VC\bin\link.exe /ERRORREPORT:PROMPT /OUT:"C:\Users\朱文峻\Desktop\编程语言学习\C++\C语言源码\6.函数进阶\Debug\6.函数进阶.exe" /NOLOGO kernel32.lib user32.lib gdi32.lib winspool.lib comdlg32.lib advapi32.lib shell32.lib ole32.lib oleaut32.lib uuid.lib odbc32.lib odbccp32.lib /MANIFEST /ManifestFile:"Debug\6.函数进阶.exe.intermediate.manifest" /MANIFESTUAC:"level='asInvoker' uiAccess='false'" /DEBUG /PDB:"C:\Users\朱文峻\Desktop\编程语言学习\C++\C语言源码\6.函数进阶\Debug\6.函数进阶.pdb" /SUBSYSTEM:CONSOLE /TLBID:1 /DYNAMICBASE /NXCOMPAT /IMPLIB:"C:\Users\朱文峻\Desktop\编程语言学习\C++\C语言源码\6.函数进阶\Debug\6.函数进阶.lib" /MACHINE:X86 "Debug\6.函数进阶应用.obj"
         LINK : 没有找到 C:\Users\朱文峻\Desktop\编程语言学习\C++\C语言源码\6.函数进阶\Debug\6.函数进阶.exe 或上一个增量链接没有生成它；正在执行完全链接
         函数进阶.vcxproj -> C:\Users\朱文峻\Desktop\编程语言学习\C++\C语言源码\6.函数进阶\Debug\6.函数进阶.exe
       Manifest:
         C:\Program Files (x86)\Microsoft SDKs\Windows\v7.0A\bin\mt.exe /nologo /verbose /outputresource:"C:\Users\朱文峻\Desktop\编程语言学习\C++\C语言源码\6.函数进阶\Debug\6.函数进阶.exe;#1" /manifest "Debug\6.函数进阶.exe.intermediate.manifest"
       FinalizeBuildStatus:
         正在删除文件“Debug\6.函数进阶.unsuccessfulbuild”。
         正在对“Debug\6.函数进阶.lastbuildstate”执行 Touch 任务。
     1>已完成生成项目“C:\Users\朱文峻\Desktop\编程语言学习\C++\C语言源码\6.函数进阶\函数进阶\函数进阶.vcxproj”(build 个目标)的操作。

生成成功。

已用时间 00:00:00.74
